2012-04-16 13:46:28,776:776.599884033 - ubuntu-sso-login - INFO - Starting Ubuntu SSO login manager for bus 'com.ubuntu.sso'.
2012-04-16 13:46:28,847:847.733020782 - ubuntu_sso.account - INFO - Created a new SSO access layer for service url 'https://login.ubuntu.com/api/1.0'
2012-04-16 14:03:21,762:762.820005417 - ubuntu_sso.credentials - INFO - find_credentials: self.app_name dbus.String(u'Ubuntu Software Center'), result is {}? True
2012-04-16 14:03:21,951:951.632976532 - ubuntu_sso.main - INFO - CredentialsManagement: emitting CredentialsNotFound with app_name "Ubuntu Software Center".
2012-04-16 14:03:31,965:965.719938278 - ubuntu_sso.main - INFO - Shutting down, calling <built-in function main_quit>.
2012-04-16 14:08:32,257:257.165908813 - ubuntu-sso-login - INFO - Starting Ubuntu SSO login manager for bus 'com.ubuntu.sso'.
2012-04-16 14:08:32,291:291.714906693 - ubuntu_sso.account - INFO - Created a new SSO access layer for service url 'https://login.ubuntu.com/api/1.0'
2012-04-16 14:08:32,530:530.757904053 - ubuntu_sso.credentials - INFO - find_credentials: self.app_name dbus.String(u'Ubuntu Software Center'), result is {}? True
2012-04-16 14:08:32,539:539.166927338 - ubuntu_sso.main - INFO - CredentialsManagement: emitting CredentialsNotFound with app_name "Ubuntu Software Center".
2012-04-16 14:08:42,579:579.48589325 - ubuntu_sso.main - INFO - Shutting down, calling <built-in function main_quit>.
2012-04-16 14:13:23,740:740.495920181 - ubuntu-sso-login - INFO - Starting Ubuntu SSO login manager for bus 'com.ubuntu.sso'.
2012-04-16 14:13:23,793:793.864965439 - ubuntu_sso.account - INFO - Created a new SSO access layer for service url 'https://login.ubuntu.com/api/1.0'
2012-04-16 14:13:24,110:110.857009888 - ubuntu_sso.credentials - INFO - find_credentials: self.app_name dbus.String(u'Ubuntu Software Center'), result is {}? True
2012-04-16 14:13:24,112:112.552881241 - ubuntu_sso.main - INFO - CredentialsManagement: emitting CredentialsNotFound with app_name "Ubuntu Software Center".
2012-04-16 14:13:34,140:140.337944031 - ubuntu_sso.main - INFO - Shutting down, calling <built-in function main_quit>.
2012-04-16 14:18:24,756:756.253004074 - ubuntu-sso-login - INFO - Starting Ubuntu SSO login manager for bus 'com.ubuntu.sso'.
2012-04-16 14:18:24,846:846.297025681 - ubuntu_sso.account - INFO - Created a new SSO access layer for service url 'https://login.ubuntu.com/api/1.0'
2012-04-16 14:36:54,811:811.575889587 - ubuntu_sso.credentials - INFO - find_credentials: self.app_name dbus.String(u'Ubuntu Software Center'), result is {}? True
2012-04-16 14:36:54,930:930.944919586 - ubuntu_sso.main - INFO - CredentialsManagement: emitting CredentialsNotFound with app_name "Ubuntu Software Center".
2012-04-16 14:37:04,944:944.736003876 - ubuntu_sso.main - INFO - Shutting down, calling <built-in function main_quit>.
2012-04-16 14:42:05,738:738.228082657 - ubuntu-sso-login - INFO - Starting Ubuntu SSO login manager for bus 'com.ubuntu.sso'.
2012-04-16 14:42:05,888:888.39006424 - ubuntu_sso.account - INFO - Created a new SSO access layer for service url 'https://login.ubuntu.com/api/1.0'
2012-04-16 14:42:06,560:560.333967209 - ubuntu_sso.credentials - INFO - find_credentials: self.app_name dbus.String(u'Ubuntu Software Center'), result is {}? True
2012-04-16 14:42:06,579:579.710960388 - ubuntu_sso.main - INFO - CredentialsManagement: emitting CredentialsNotFound with app_name "Ubuntu Software Center".
2012-04-16 14:42:16,604:604.68006134 - ubuntu_sso.main - INFO - Shutting down, calling <built-in function main_quit>.
2012-04-16 14:47:07,827:827.332019806 - ubuntu-sso-login - INFO - Starting Ubuntu SSO login manager for bus 'com.ubuntu.sso'.
2012-04-16 14:47:08,060:60.830116272 - ubuntu_sso.account - INFO - Created a new SSO access layer for service url 'https://login.ubuntu.com/api/1.0'
2012-04-16 14:47:09,760:760.159015656 - ubuntu_sso.credentials - INFO - find_credentials: self.app_name dbus.String(u'Ubuntu Software Center'), result is {}? True
2012-04-16 14:47:09,806:806.581020355 - ubuntu_sso.main - INFO - CredentialsManagement: emitting CredentialsNotFound with app_name "Ubuntu Software Center".
2012-04-16 14:47:19,818:818.80402565 - ubuntu_sso.main - INFO - Shutting down, calling <built-in function main_quit>.
2012-04-16 14:51:59,555:555.010080338 - ubuntu-sso-login - INFO - Starting Ubuntu SSO login manager for bus 'com.ubuntu.sso'.
2012-04-16 14:51:59,642:642.595052719 - ubuntu_sso.account - INFO - Created a new SSO access layer for service url 'https://login.ubuntu.com/api/1.0'
2012-04-16 14:52:00,016:16.1459445953 - ubuntu_sso.credentials - INFO - find_credentials: self.app_name dbus.String(u'Ubuntu Software Center'), result is {}? True
2012-04-16 14:52:00,027:27.4970531464 - ubuntu_sso.main - INFO - CredentialsManagement: emitting CredentialsNotFound with app_name "Ubuntu Software Center".
2012-04-16 14:52:10,033:33.9760780334 - ubuntu_sso.main - INFO - Shutting down, calling <built-in function main_quit>.
2012-04-16 14:56:54,460:460.793018341 - ubuntu-sso-login - INFO - Starting Ubuntu SSO login manager for bus 'com.ubuntu.sso'.
2012-04-16 14:56:54,526:526.77989006 - ubuntu_sso.account - INFO - Created a new SSO access layer for service url 'https://login.ubuntu.com/api/1.0'
2012-04-16 14:56:54,784:784.312963486 - ubuntu_sso.credentials - INFO - find_credentials: self.app_name dbus.String(u'Ubuntu Software Center'), result is {}? True
2012-04-16 14:56:54,789:789.901971817 - ubuntu_sso.main - INFO - CredentialsManagement: emitting CredentialsNotFound with app_name "Ubuntu Software Center".
2012-04-16 14:57:04,798:798.013925552 - ubuntu_sso.main - INFO - Shutting down, calling <built-in function main_quit>.
