  [1m[36m (34.2ms)[0m  [1mselect sqlite_version(*)[0m
  [1m[36m (0.3ms)[0m  [1mselect sqlite_version(*)[0m
  [1m[35m (16.6ms)[0m  CREATE TABLE "schema_migrations" ("version" varchar(255) NOT NULL) 
  [1m[36m (0.2ms)[0m  [1mPRAGMA index_list("schema_migrations")[0m
  [1m[35m (7.5ms)[0m  CREATE UNIQUE INDEX "unique_schema_migrations" ON "schema_migrations" ("version")
  [1m[36m (0.2ms)[0m  [1mSELECT "schema_migrations"."version" FROM "schema_migrations" [0m
Migrating to CreateStudents (20120504133233)
  [1m[35m (0.1ms)[0m  begin transaction
  [1m[36m (0.9ms)[0m  [1mCREATE TABLE "students" ("id" INTEGER PRIMARY KEY AUTOINCREMENT NOT NULL, "name" varchar(255), "created_at" datetime NOT NULL, "updated_at" datetime NOT NULL) [0m
  [1m[35m (0.4ms)[0m  INSERT INTO "schema_migrations" ("version") VALUES ('20120504133233')
  [1m[36m (11.2ms)[0m  [1mcommit transaction[0m
Migrating to CreateCourses (20120504133317)
  [1m[35m (0.1ms)[0m  begin transaction
  [1m[36m (16.3ms)[0m  [1mCREATE TABLE "courses" ("id" INTEGER PRIMARY KEY AUTOINCREMENT NOT NULL, "name" varchar(255), "created_at" datetime NOT NULL, "updated_at" datetime NOT NULL) [0m
  [1m[35m (0.4ms)[0m  INSERT INTO "schema_migrations" ("version") VALUES ('20120504133317')
  [1m[36m (62.2ms)[0m  [1mcommit transaction[0m
Migrating to CreateLecturers (20120504133411)
  [1m[35m (0.1ms)[0m  begin transaction
  [1m[36m (4.7ms)[0m  [1mCREATE TABLE "lecturers" ("id" INTEGER PRIMARY KEY AUTOINCREMENT NOT NULL, "created_at" datetime NOT NULL, "updated_at" datetime NOT NULL) [0m
  [1m[35m (0.5ms)[0m  INSERT INTO "schema_migrations" ("version") VALUES ('20120504133411')
  [1m[36m (44.6ms)[0m  [1mcommit transaction[0m
Migrating to CreatePages (20120504134733)
  [1m[35m (0.1ms)[0m  begin transaction
  [1m[36m (31.8ms)[0m  [1mCREATE TABLE "pages" ("id" INTEGER PRIMARY KEY AUTOINCREMENT NOT NULL, "name" varchar(255), "created_at" datetime NOT NULL, "updated_at" datetime NOT NULL) [0m
  [1m[35m (0.4ms)[0m  INSERT INTO "schema_migrations" ("version") VALUES ('20120504134733')
  [1m[36m (26.5ms)[0m  [1mcommit transaction[0m
  [1m[35m (0.8ms)[0m  select sqlite_version(*)
  [1m[36m (0.3ms)[0m  [1mSELECT "schema_migrations"."version" FROM "schema_migrations" [0m
  [1m[35m (0.1ms)[0m  PRAGMA index_list("courses")
  [1m[36m (0.0ms)[0m  [1mPRAGMA index_list("lecturers")[0m
  [1m[35m (2.7ms)[0m  PRAGMA index_list("pages")
  [1m[36m (0.2ms)[0m  [1mPRAGMA index_list("students")[0m
  [1m[36m (0.6ms)[0m  [1mSELECT "schema_migrations"."version" FROM "schema_migrations" [0m
Migrating to CreateStudents (20120504133233)
Migrating to CreateCourses (20120504133317)
Migrating to CreateLecturers (20120504133411)
Migrating to CreatePages (20120504134733)
Migrating to CreateStudentsSubCourses (20120504141759)
  [1m[35m (0.2ms)[0m  select sqlite_version(*)
  [1m[36m (0.1ms)[0m  [1mbegin transaction[0m
  [1m[35m (2.5ms)[0m  CREATE TABLE "student_post_course" ("student_id" integer, "course_id" integer) 
  [1m[36m (0.1ms)[0m  [1mPRAGMA index_list("student_post_course")[0m
  [1m[35m (0.7ms)[0m  CREATE INDEX "index_student_post_course_on_student_id_and_course_id" ON "student_post_course" ("student_id", "course_id")
  [1m[36m (0.5ms)[0m  [1mINSERT INTO "schema_migrations" ("version") VALUES ('20120504141759')[0m
  [1m[35m (45.1ms)[0m  commit transaction
  [1m[36m (6.2ms)[0m  [1mselect sqlite_version(*)[0m
  [1m[35m (0.3ms)[0m  SELECT "schema_migrations"."version" FROM "schema_migrations" 
  [1m[36m (0.1ms)[0m  [1mPRAGMA index_list("courses")[0m
  [1m[35m (0.1ms)[0m  PRAGMA index_list("lecturers")
  [1m[36m (0.2ms)[0m  [1mPRAGMA index_list("pages")[0m
  [1m[35m (0.1ms)[0m  PRAGMA index_list("student_post_course")
  [1m[36m (0.1ms)[0m  [1mPRAGMA index_info('index_student_post_course_on_student_id_and_course_id')[0m
  [1m[35m (0.1ms)[0m  PRAGMA index_list("students")
  [1m[36m (0.6ms)[0m  [1mSELECT "schema_migrations"."version" FROM "schema_migrations" [0m
Migrating to CreateStudents (20120504133233)
Migrating to CreateCourses (20120504133317)
Migrating to CreateLecturers (20120504133411)
Migrating to CreatePages (20120504134733)
Migrating to CreateStudentsSubCourses (20120504141759)
Migrating to CreateStudentPostPages (20120504143246)
  [1m[35m (0.2ms)[0m  select sqlite_version(*)
  [1m[36m (0.1ms)[0m  [1mbegin transaction[0m
  [1m[35m (3.0ms)[0m  CREATE TABLE "student_post_pages" ("id" INTEGER PRIMARY KEY AUTOINCREMENT NOT NULL, "student_id" integer, "page_id" integer, "created_at" datetime NOT NULL, "updated_at" datetime NOT NULL) 
  [1m[36m (0.6ms)[0m  [1mINSERT INTO "schema_migrations" ("version") VALUES ('20120504143246')[0m
  [1m[35m (28.4ms)[0m  commit transaction
  [1m[36m (0.8ms)[0m  [1mselect sqlite_version(*)[0m
  [1m[35m (0.5ms)[0m  SELECT "schema_migrations"."version" FROM "schema_migrations" 
  [1m[36m (0.1ms)[0m  [1mPRAGMA index_list("courses")[0m
  [1m[35m (0.1ms)[0m  PRAGMA index_list("lecturers")
  [1m[36m (0.1ms)[0m  [1mPRAGMA index_list("pages")[0m
  [1m[35m (0.1ms)[0m  PRAGMA index_list("student_post_course")
  [1m[36m (0.1ms)[0m  [1mPRAGMA index_info('index_student_post_course_on_student_id_and_course_id')[0m
  [1m[35m (0.1ms)[0m  PRAGMA index_list("student_post_pages")
  [1m[36m (0.1ms)[0m  [1mPRAGMA index_list("students")[0m
  [1m[36m (0.5ms)[0m  [1mSELECT "schema_migrations"."version" FROM "schema_migrations" [0m
Migrating to CreateStudents (20120504133233)
Migrating to CreateCourses (20120504133317)
Migrating to CreateLecturers (20120504133411)
Migrating to CreatePages (20120504134733)
Migrating to CreateStudentsSubCourses (20120504141759)
Migrating to CreateStudentPostPages (20120504143246)
Migrating to CreateLecturerPostPages (20120504144554)
  [1m[35m (0.2ms)[0m  select sqlite_version(*)
  [1m[36m (0.1ms)[0m  [1mbegin transaction[0m
  [1m[35m (1.6ms)[0m  CREATE TABLE "lecturer_post_pages" ("id" INTEGER PRIMARY KEY AUTOINCREMENT NOT NULL, "lecturer_id" integer, "page_id" integer, "created_at" datetime NOT NULL, "updated_at" datetime NOT NULL) 
  [1m[36m (0.6ms)[0m  [1mINSERT INTO "schema_migrations" ("version") VALUES ('20120504144554')[0m
  [1m[35m (19.9ms)[0m  commit transaction
  [1m[36m (0.7ms)[0m  [1mselect sqlite_version(*)[0m
  [1m[35m (0.4ms)[0m  SELECT "schema_migrations"."version" FROM "schema_migrations" 
  [1m[36m (0.1ms)[0m  [1mPRAGMA index_list("courses")[0m
  [1m[35m (0.1ms)[0m  PRAGMA index_list("lecturer_post_pages")
  [1m[36m (0.0ms)[0m  [1mPRAGMA index_list("lecturers")[0m
  [1m[35m (0.1ms)[0m  PRAGMA index_list("pages")
  [1m[36m (2.1ms)[0m  [1mPRAGMA index_list("student_post_course")[0m
  [1m[35m (0.1ms)[0m  PRAGMA index_info('index_student_post_course_on_student_id_and_course_id')
  [1m[36m (0.0ms)[0m  [1mPRAGMA index_list("student_post_pages")[0m
  [1m[35m (0.0ms)[0m  PRAGMA index_list("students")
  [1m[36m (0.5ms)[0m  [1mSELECT "schema_migrations"."version" FROM "schema_migrations" [0m
Migrating to CreateStudents (20120504133233)
Migrating to CreateCourses (20120504133317)
Migrating to CreateLecturers (20120504133411)
Migrating to CreatePages (20120504134733)
Migrating to CreateStudentsSubCourses (20120504141759)
Migrating to CreateStudentPostPages (20120504143246)
Migrating to CreateLecturerPostPages (20120504144554)
Migrating to CreateStudentSubCourses (20120504145721)
  [1m[35m (0.2ms)[0m  select sqlite_version(*)
  [1m[36m (0.1ms)[0m  [1mbegin transaction[0m
  [1m[35m (1.8ms)[0m  CREATE TABLE "student_sub_courses" ("id" INTEGER PRIMARY KEY AUTOINCREMENT NOT NULL, "student_id" integer, "course_id" integer, "created_at" datetime NOT NULL, "updated_at" datetime NOT NULL) 
  [1m[36m (0.5ms)[0m  [1mINSERT INTO "schema_migrations" ("version") VALUES ('20120504145721')[0m
  [1m[35m (22.7ms)[0m  commit transaction
  [1m[36m (0.8ms)[0m  [1mselect sqlite_version(*)[0m
  [1m[35m (1.7ms)[0m  SELECT "schema_migrations"."version" FROM "schema_migrations" 
  [1m[36m (0.1ms)[0m  [1mPRAGMA index_list("courses")[0m
  [1m[35m (0.1ms)[0m  PRAGMA index_list("lecturer_post_pages")
  [1m[36m (0.1ms)[0m  [1mPRAGMA index_list("lecturers")[0m
  [1m[35m (0.1ms)[0m  PRAGMA index_list("pages")
  [1m[36m (0.1ms)[0m  [1mPRAGMA index_list("student_post_course")[0m
  [1m[35m (0.1ms)[0m  PRAGMA index_info('index_student_post_course_on_student_id_and_course_id')
  [1m[36m (0.2ms)[0m  [1mPRAGMA index_list("student_post_pages")[0m
  [1m[35m (0.1ms)[0m  PRAGMA index_list("student_sub_courses")
  [1m[36m (0.0ms)[0m  [1mPRAGMA index_list("students")[0m
